<?xml version="1.0" encoding="UTF-8"?>
<!-- Generated by org.testng.reporters.JUnitReportReporter -->
<testsuite hostname="DESKTOP-LVD2BN5" failures="0" tests="2" name="org.base.testcases.TestCase1" time="16.332" errors="0" timestamp="2023-06-12T10:41:34 IST" skipped="0">
  <testcase classname="org.base.testcases.TestCase1" name="test1" time="8.237"/>
  <system-out/>
  <testcase classname="org.base.testcases.TestCase1" name="test1" time="8.095"/>
  <system-out/>
</testsuite> <!-- org.base.testcases.TestCase1 -->
